ď»ż[INFO] Scanning for projects...
[INFO] 
[INFO] ------< cl.iplacex.automatizacion:examen-automatizacion-pruebas >-------
[INFO] Building Examen Automatizaciâ”śâ”‚n de Pruebas 1.0.0-SNAPSHOT
[INFO] --------------------------------[ jar ]---------------------------------
Downloading from central: https://repo.maven.apache.org/maven2/org/apache/maven/plugins/maven-jar-plugin/3.4.1/maven-jar-plugin-3.4.1.pom
Progress (1): 4.1 kB
Progress (1): 7.8 kB
                    
Downloaded from central: https://repo.maven.apache.org/maven2/org/apache/maven/plugins/maven-jar-plugin/3.4.1/maven-jar-plugin-3.4.1.pom (7.8 kB at 21 kB/s)
[INFO] 
[INFO] --- maven-clean-plugin:2.5:clean (default-clean) @ examen-automatizacion-pruebas ---
[INFO] Deleting C:\IPLACEX\AUTOMATIZACIâ”śĂ´N DE PRUEBAS\Victor_Chavez_Gaete_Evaluacion_Final\target
[INFO] 
[INFO] --- maven-resources-plugin:2.6:resources (default-resources) @ examen-automatizacion-pruebas ---
[INFO] Using 'UTF-8' encoding to copy filtered resources.
[INFO] skip non existing resourceDirectory C:\IPLACEX\AUTOMATIZACIâ”śĂ´N DE PRUEBAS\Victor_Chavez_Gaete_Evaluacion_Final\src\main\resources
[INFO] 
[INFO] --- maven-compiler-plugin:3.13.0:compile (default-compile) @ examen-automatizacion-pruebas ---
[INFO] Recompiling the module because of changed source code.
[INFO] Compiling 6 source files with javac [debug release 17] to target\classes
[INFO] 
[INFO] --- maven-resources-plugin:2.6:testResources (default-testResources) @ examen-automatizacion-pruebas ---
[INFO] Using 'UTF-8' encoding to copy filtered resources.
[INFO] skip non existing resourceDirectory C:\IPLACEX\AUTOMATIZACIâ”śĂ´N DE PRUEBAS\Victor_Chavez_Gaete_Evaluacion_Final\src\test\resources
[INFO] 
[INFO] --- maven-compiler-plugin:3.13.0:testCompile (default-testCompile) @ examen-automatizacion-pruebas ---
[INFO] Recompiling the module because of changed dependency.
[INFO] Compiling 6 source files with javac [debug release 17] to target\test-classes
[INFO] 
[INFO] --- maven-surefire-plugin:3.2.5:test (default-test) @ examen-automatizacion-pruebas ---
[INFO] Using auto detected provider org.apache.maven.surefire.junitplatform.JUnitPlatformProvider
[INFO] 
[INFO] -------------------------------------------------------
[INFO]  T E S T S
[INFO] -------------------------------------------------------
[INFO] Running cl.iplacex.automatizacion.unit.CalculadoraPedidoServiceTest
[INFO] Tests run: 3, Failures: 0, Errors: 0, Skipped: 0, Time elapsed: 0.042 s -- in cl.iplacex.automatizacion.unit.CalculadoraPedidoServiceTest
[INFO] Running cl.iplacex.automatizacion.unit.ValidacionPedidoServiceTest
[INFO] Tests run: 2, Failures: 0, Errors: 0, Skipped: 0, Time elapsed: 0.003 s -- in cl.iplacex.automatizacion.unit.ValidacionPedidoServiceTest
[INFO] 
[INFO] Results:
[INFO] 
[INFO] Tests run: 5, Failures: 0, Errors: 0, Skipped: 0
[INFO] 
[INFO] 
[INFO] --- maven-jar-plugin:3.4.1:jar (default-jar) @ examen-automatizacion-pruebas ---
[INFO] Building jar: C:\IPLACEX\AUTOMATIZACIâ”śĂ´N DE PRUEBAS\Victor_Chavez_Gaete_Evaluacion_Final\target\examen-automatizacion-pruebas-1.0.0-SNAPSHOT.jar
[INFO] 
[INFO] --- maven-failsafe-plugin:3.2.5:integration-test (default) @ examen-automatizacion-pruebas ---
[WARNING] useSystemClassLoader setting has no effect when not forking
[WARNING] The parameter forkCount should likely not be 0. Forking a JVM for tests improves test accuracy. Ensure to have a <forkCount> >= 1.
[INFO] Using auto detected provider org.apache.maven.surefire.junitplatform.JUnitPlatformProvider
[INFO] Running cl.iplacex.automatizacion.acceptance.PedidoAcceptanceTest
[INFO] Tests run: 2, Failures: 0, Errors: 0, Skipped: 0, Time elapsed: 0.031 s -- in cl.iplacex.automatizacion.acceptance.PedidoAcceptanceTest
[INFO] Running cl.iplacex.automatizacion.acceptance.ReglasNegocioPedidoAcceptanceTest
[INFO] Tests run: 2, Failures: 0, Errors: 0, Skipped: 0, Time elapsed: 0 s -- in cl.iplacex.automatizacion.acceptance.ReglasNegocioPedidoAcceptanceTest
[INFO] Running cl.iplacex.automatizacion.integration.PedidoIntegrationIT
[INFO] Tests run: 2, Failures: 0, Errors: 0, Skipped: 0, Time elapsed: 0.003 s -- in cl.iplacex.automatizacion.integration.PedidoIntegrationIT
[INFO] Running cl.iplacex.automatizacion.integration.ServicioPedidoFlujoIT
[INFO] Tests run: 2, Failures: 0, Errors: 0, Skipped: 0, Time elapsed: 0.006 s -- in cl.iplacex.automatizacion.integration.ServicioPedidoFlujoIT
[INFO] 
[INFO] Results:
[INFO] 
[INFO] Tests run: 8, Failures: 0, Errors: 0, Skipped: 0
[INFO] 
[INFO] 
[INFO] --- maven-failsafe-plugin:3.2.5:verify (default) @ examen-automatizacion-pruebas ---
[INFO] ------------------------------------------------------------------------
[INFO] BUILD SUCCESS
[INFO] ------------------------------------------------------------------------
[INFO] Total time:  3.985 s
[INFO] Finished at: 2026-05-16T16:49:32-04:00
[INFO] ------------------------------------------------------------------------
