[1/5] Compilar y empaquetar
[INFO] Scanning for projects...
[INFO] 
[INFO] ------< cl.iplacex.automatizacion:examen-automatizacion-pruebas >-------
[INFO] Building Examen Automatizaci├│n de Pruebas 1.0.0-SNAPSHOT
[INFO] --------------------------------[ jar ]---------------------------------
[INFO] 
[INFO] --- maven-clean-plugin:2.5:clean (default-clean) @ examen-automatizacion-pruebas ---
[INFO] Deleting C:\IPLACEX\AUTOMATIZACI├ôN DE PRUEBAS\Victor_Chavez_Gaete_Evaluacion_Final\target
[INFO] 
[INFO] --- maven-resources-plugin:2.6:resources (default-resources) @ examen-automatizacion-pruebas ---
[INFO] Using 'UTF-8' encoding to copy filtered resources.
[INFO] skip non existing resourceDirectory C:\IPLACEX\AUTOMATIZACI├ôN DE PRUEBAS\Victor_Chavez_Gaete_Evaluacion_Final\src\main\resources
[INFO] 
[INFO] --- maven-compiler-plugin:3.13.0:compile (default-compile) @ examen-automatizacion-pruebas ---
[INFO] Recompiling the module because of changed source code.
[INFO] Compiling 6 source files with javac [debug release 17] to target\classes
[INFO] 
[INFO] --- maven-resources-plugin:2.6:testResources (default-testResources) @ examen-automatizacion-pruebas ---
[INFO] Using 'UTF-8' encoding to copy filtered resources.
[INFO] skip non existing resourceDirectory C:\IPLACEX\AUTOMATIZACI├ôN DE PRUEBAS\Victor_Chavez_Gaete_Evaluacion_Final\src\test\resources
[INFO] 
[INFO] --- maven-compiler-plugin:3.13.0:testCompile (default-testCompile) @ examen-automatizacion-pruebas ---
[INFO] Recompiling the module because of changed dependency.
[INFO] Compiling 6 source files with javac [debug release 17] to target\test-classes
[INFO] 
[INFO] --- maven-surefire-plugin:3.2.5:test (default-test) @ examen-automatizacion-pruebas ---
[INFO] Tests are skipped.
[INFO] 
[INFO] --- maven-jar-plugin:3.4.1:jar (default-jar) @ examen-automatizacion-pruebas ---
[INFO] Building jar: C:\IPLACEX\AUTOMATIZACI├ôN DE PRUEBAS\Victor_Chavez_Gaete_Evaluacion_Final\target\examen-automatizacion-pruebas-1.0.0-SNAPSHOT.jar
[INFO] ------------------------------------------------------------------------
[INFO] BUILD SUCCESS
[INFO] ------------------------------------------------------------------------
[INFO] Total time:  2.268 s
[INFO] Finished at: 2026-05-16T16:49:57-04:00
[INFO] ------------------------------------------------------------------------
[2/5] Pruebas unitarias
[INFO] Scanning for projects...
[INFO] 
[INFO] ------< cl.iplacex.automatizacion:examen-automatizacion-pruebas >-------
[INFO] Building Examen Automatizaci├│n de Pruebas 1.0.0-SNAPSHOT
[INFO] --------------------------------[ jar ]---------------------------------
[INFO] 
[INFO] --- maven-resources-plugin:2.6:resources (default-resources) @ examen-automatizacion-pruebas ---
[INFO] Using 'UTF-8' encoding to copy filtered resources.
[INFO] skip non existing resourceDirectory C:\IPLACEX\AUTOMATIZACI├ôN DE PRUEBAS\Victor_Chavez_Gaete_Evaluacion_Final\src\main\resources
[INFO] 
[INFO] --- maven-compiler-plugin:3.13.0:compile (default-compile) @ examen-automatizacion-pruebas ---
[INFO] Nothing to compile - all classes are up to date.
[INFO] 
[INFO] --- maven-resources-plugin:2.6:testResources (default-testResources) @ examen-automatizacion-pruebas ---
[INFO] Using 'UTF-8' encoding to copy filtered resources.
[INFO] skip non existing resourceDirectory C:\IPLACEX\AUTOMATIZACI├ôN DE PRUEBAS\Victor_Chavez_Gaete_Evaluacion_Final\src\test\resources
[INFO] 
[INFO] --- maven-compiler-plugin:3.13.0:testCompile (default-testCompile) @ examen-automatizacion-pruebas ---
[INFO] Nothing to compile - all classes are up to date.
[INFO] 
[INFO] --- maven-surefire-plugin:3.2.5:test (default-test) @ examen-automatizacion-pruebas ---
[INFO] Using auto detected provider org.apache.maven.surefire.junitplatform.JUnitPlatformProvider
[INFO] 
[INFO] -------------------------------------------------------
[INFO]  T E S T S
[INFO] -------------------------------------------------------
[INFO] Running cl.iplacex.automatizacion.unit.CalculadoraPedidoServiceTest
[INFO] Tests run: 3, Failures: 0, Errors: 0, Skipped: 0, Time elapsed: 0.042 s -- in cl.iplacex.automatizacion.unit.CalculadoraPedidoServiceTest
[INFO] Running cl.iplacex.automatizacion.unit.ValidacionPedidoServiceTest
[INFO] Tests run: 2, Failures: 0, Errors: 0, Skipped: 0, Time elapsed: 0.003 s -- in cl.iplacex.automatizacion.unit.ValidacionPedidoServiceTest
[INFO] 
[INFO] Results:
[INFO] 
[INFO] Tests run: 5, Failures: 0, Errors: 0, Skipped: 0
[INFO] 
[INFO] ------------------------------------------------------------------------
[INFO] BUILD SUCCESS
[INFO] ------------------------------------------------------------------------
[INFO] Total time:  1.472 s
[INFO] Finished at: 2026-05-16T16:49:59-04:00
[INFO] ------------------------------------------------------------------------
[3/5] Pruebas integracion y aceptacion
[INFO] Scanning for projects...
[INFO] 
[INFO] ------< cl.iplacex.automatizacion:examen-automatizacion-pruebas >-------
[INFO] Building Examen Automatizaci├│n de Pruebas 1.0.0-SNAPSHOT
[INFO] --------------------------------[ jar ]---------------------------------
[INFO] 
[INFO] --- maven-resources-plugin:2.6:resources (default-resources) @ examen-automatizacion-pruebas ---
[INFO] Using 'UTF-8' encoding to copy filtered resources.
[INFO] skip non existing resourceDirectory C:\IPLACEX\AUTOMATIZACI├ôN DE PRUEBAS\Victor_Chavez_Gaete_Evaluacion_Final\src\main\resources
[INFO] 
[INFO] --- maven-compiler-plugin:3.13.0:compile (default-compile) @ examen-automatizacion-pruebas ---
[INFO] Nothing to compile - all classes are up to date.
[INFO] 
[INFO] --- maven-resources-plugin:2.6:testResources (default-testResources) @ examen-automatizacion-pruebas ---
[INFO] Using 'UTF-8' encoding to copy filtered resources.
[INFO] skip non existing resourceDirectory C:\IPLACEX\AUTOMATIZACI├ôN DE PRUEBAS\Victor_Chavez_Gaete_Evaluacion_Final\src\test\resources
[INFO] 
[INFO] --- maven-compiler-plugin:3.13.0:testCompile (default-testCompile) @ examen-automatizacion-pruebas ---
[INFO] Nothing to compile - all classes are up to date.
[INFO] 
[INFO] --- maven-surefire-plugin:3.2.5:test (default-test) @ examen-automatizacion-pruebas ---
[INFO] Using auto detected provider org.apache.maven.surefire.junitplatform.JUnitPlatformProvider
[INFO] 
[INFO] -------------------------------------------------------
[INFO]  T E S T S
[INFO] -------------------------------------------------------
[INFO] Running cl.iplacex.automatizacion.unit.CalculadoraPedidoServiceTest
[INFO] Tests run: 3, Failures: 0, Errors: 0, Skipped: 0, Time elapsed: 0.040 s -- in cl.iplacex.automatizacion.unit.CalculadoraPedidoServiceTest
[INFO] Running cl.iplacex.automatizacion.unit.ValidacionPedidoServiceTest
[INFO] Tests run: 2, Failures: 0, Errors: 0, Skipped: 0, Time elapsed: 0.009 s -- in cl.iplacex.automatizacion.unit.ValidacionPedidoServiceTest
[INFO] 
[INFO] Results:
[INFO] 
[INFO] Tests run: 5, Failures: 0, Errors: 0, Skipped: 0
[INFO] 
[INFO] 
[INFO] --- maven-jar-plugin:3.4.1:jar (default-jar) @ examen-automatizacion-pruebas ---
[INFO] 
[INFO] --- maven-failsafe-plugin:3.2.5:integration-test (default) @ examen-automatizacion-pruebas ---
[WARNING] useSystemClassLoader setting has no effect when not forking
[WARNING] The parameter forkCount should likely not be 0. Forking a JVM for tests improves test accuracy. Ensure to have a <forkCount> >= 1.
[INFO] Using auto detected provider org.apache.maven.surefire.junitplatform.JUnitPlatformProvider
[INFO] Running cl.iplacex.automatizacion.acceptance.PedidoAcceptanceTest
[INFO] Tests run: 2, Failures: 0, Errors: 0, Skipped: 0, Time elapsed: 0.038 s -- in cl.iplacex.automatizacion.acceptance.PedidoAcceptanceTest
[INFO] Running cl.iplacex.automatizacion.acceptance.ReglasNegocioPedidoAcceptanceTest
[INFO] Tests run: 2, Failures: 0, Errors: 0, Skipped: 0, Time elapsed: 0.002 s -- in cl.iplacex.automatizacion.acceptance.ReglasNegocioPedidoAcceptanceTest
[INFO] Running cl.iplacex.automatizacion.integration.PedidoIntegrationIT
[INFO] Tests run: 2, Failures: 0, Errors: 0, Skipped: 0, Time elapsed: 0 s -- in cl.iplacex.automatizacion.integration.PedidoIntegrationIT
[INFO] Running cl.iplacex.automatizacion.integration.ServicioPedidoFlujoIT
[INFO] Tests run: 2, Failures: 0, Errors: 0, Skipped: 0, Time elapsed: 0.004 s -- in cl.iplacex.automatizacion.integration.ServicioPedidoFlujoIT
[INFO] 
[INFO] Results:
[INFO] 
[INFO] Tests run: 8, Failures: 0, Errors: 0, Skipped: 0
[INFO] 
[INFO] 
[INFO] --- maven-failsafe-plugin:3.2.5:verify (default) @ examen-automatizacion-pruebas ---
[INFO] ------------------------------------------------------------------------
[INFO] BUILD SUCCESS
[INFO] ------------------------------------------------------------------------
[INFO] Total time:  2.391 s
[INFO] Finished at: 2026-05-16T16:50:03-04:00
[INFO] ------------------------------------------------------------------------
[deploy] Copiar JAR a ambiente de prueba (staging)
Artefacto: target/examen-automatizacion-pruebas-1.0.0-SNAPSHOT.jar
Destino: /opt/pedido-api-test/
[deploy] Smoke test GET /health -> 200 OK
Despliegue en ambiente de prueba completado.
